
Magic 8.3 revision 636 - Compiled on Thu Apr 16 09:13:57 PM CEST 2026.
Starting magic under Tcl interpreter
Using the terminal as the console.
WARNING: RLIMIT_NOFILE is above 1024 and Tcl_Version<9 this may cause runtime issues [rlim_cur=1048576]
Using NULL graphics device.
Processing system .magicrc file
Switching to WIRING tool.
Switching to NETLIST tool.
Switching to PICK tool.
Switching to BOX tool.
Sourcing design .magicrc for technology ihp-sg13g2 ...
2 Magic internal units = 1 Lambda
Input style sg13g2(): scaleFactor=2, multiplier=2
The following types are not handled by extraction and will be treated as non-electrical types:
    pblock sealcont difffill nemitter hvnemitter hvisodiffres sealvia1 sealvia2 sealvia3 sealvia4 sealvia5 sealvia6 pillar solder seal glass thruvia inductor 
Scaled tech values by 2 / 1 to match internal grid scaling
Loading ihp-sg13g2 Device Generator Menu ...
Sourcing design .magicrc for technology sky130A ...
Input style sky130(): scaleFactor=2, multiplier=2
The following types are not handled by extraction and will be treated as non-electrical types:
    ubm 
Scaled tech values by 2 / 1 to match internal grid scaling
Loading sky130A Device Generator Menu ...
Loading "drc_extract.tcl" from command line.
Cell opamp_clean read from current working directory
Cell sky130_fd_pr__nfet_01v8_BXQZZZ read from current working directory
Cell sky130_fd_pr__nfet_01v8_778P4L read from current working directory
Cell sky130_fd_pr__res_high_po_0p35_TD68X4 read from current working directory
Cell sky130_fd_pr__cap_mim_m3_1_T6P5U4 read from current working directory
Cell sky130_fd_pr__pfet_01v8_ML7HSN read from current working directory
Cell opamp_clean has 7 error tiles.
Total DRC errors found: 0
Extracting sky130_fd_pr__nfet_01v8_BXQZZZ into sky130_fd_pr__nfet_01v8_BXQZZZ.ext:
Extracting sky130_fd_pr__nfet_01v8_778P4L into sky130_fd_pr__nfet_01v8_778P4L.ext:
Extracting sky130_fd_pr__res_high_po_0p35_TD68X4 into sky130_fd_pr__res_high_po_0p35_TD68X4.ext:
Extracting sky130_fd_pr__cap_mim_m3_1_T6P5U4 into sky130_fd_pr__cap_mim_m3_1_T6P5U4.ext:
Extracting sky130_fd_pr__pfet_01v8_ML7HSN into sky130_fd_pr__pfet_01v8_ML7HSN.ext:
Extracting opamp_clean into opamp_clean.ext:
exttospice finished.
